C51 COMPILER V6.12  FENGMNGQI                                                              05/14/2014 17:10:09 PAGE 1   


C51 COMPILER V6.12, COMPILATION OF MODULE FENGMNGQI
OBJECT MODULE PLACED IN .\fengmngqi.OBJ
COMPILER INVOKED BY: C:\Keil\C51\BIN\C51.EXE .\fengmngqi.c DEBUG OBJECTEXTEND

stmt level    source

   1          #include <reg52.h>
   2          sbit buzzer=P2^3;
   3          void delay(int x);
   4          void main()
   5          {
   6   1      	buzzer=0;
   7   1      	delay(1);
   8   1      	buzzer=1;
   9   1      	delay(1);
  10   1      }
  11          
  12          void delay(int x)
  13          {
  14   1      	int n,m;
  15   1      	for(n=0;n<110;n++)
  16   1      		for(m=0;m<x;m++);
  17   1      }


MODULE INFORMATION:   STATIC OVERLAYABLE
   CODE SIZE        =     56    ----
   CONSTANT SIZE    =   ----    ----
   XDATA SIZE       =   ----    ----
   PDATA SIZE       =   ----    ----
   DATA SIZE        =   ----    ----
   IDATA SIZE       =   ----    ----
   BIT SIZE         =   ----    ----
END OF MODULE INFORMATION.


C51 COMPILATION COMPLETE.  0 WARNING(S),  0 ERROR(S)
