C51 COMPILER V6.12  DHT11                                                                  05/31/2014 14:30:30 PAGE 1   


C51 COMPILER V6.12, COMPILATION OF MODULE DHT11
OBJECT MODULE PLACED IN .\dht11.OBJ
COMPILER INVOKED BY: C:\Keil\C51\BIN\C51.EXE .\dht11.c DEBUG OBJECTEXTEND

stmt level    source

   1          #include <reg52.h>
   2          #define uchar unsigned char
   3          sbit dht11=P2^0;
   4          uchar data_byte,RH,RL,TH,TL;
   5          
   6          void delay(int x)            //delay
   7          {
   8   1          uchar a,b;
   9   1          for(a=x;a>0;a--)
  10   1            for(b=60;b>0;b--);
  11   1      }
  12          void delay_1(int x)
  13          {
  14   1      	uchar i;
  15   1      	i=2*x;
  16   1      	while(i--);
  17   1      }
  18          
  19          void start()//DHT11湿度开始信号
  20          {
  21   1          dht11=1;
  22   1          delay(1);
  23   1          dht11=0;
  24   1          delay(30);//>18ms
  25   1          dht11=1;
  26   1          delay_1(10);//20-40us
  27   1      }
  28          
  29          uchar receive_byte()
  30          {
  31   1          uchar i,tmp,count;
  32   1          for(i=0;i<8;i++)             //循环8次直至读取所有数据（8bit）
  33   1          {
  34   2              count=2;
  35   2              while((!dht11)&&count++)//等待50us低电平结束
  36   2              tmp=0;                    // 默认将tmp置0
  37   2              delay_1(20);            //70us对应“1”，26~28us对应“0”
  38   2              if(dht11==1)tmp=1;
  39   2              count=2;
  40   2              while((dht11)&&count++);   //等待直到低电平
  41   2              if(count==1)break;
  42   2              data_byte = data_byte<<1;     //左移一位
  43   2              data_byte|=tmp;                 //赋新读取到的值，合并
  44   2          }
  45   1          return data_byte;           
  46   1      }
  47          
  48          void receive()
  49          {
  50   1          uchar T_H,T_L,R_H,R_L,check,num_check;
  51   1          uchar count;
  52   1          start();//开始信号
  53   1          dht11=1;
  54   1          if(!dht11)//读取DHT11响应信号
  55   1          {
C51 COMPILER V6.12  DHT11                                                                  05/31/2014 14:30:30 PAGE 2   

  56   2          count=2;
  57   2          while((!dht11)&&count++);//DHT11高电平80us是否结束
  58   2          count=2;
  59   2          while((dht11)&&count++);
  60   2          R_H=receive_byte();
  61   2          R_L=receive_byte();
  62   2          T_H=receive_byte();
  63   2          T_L=receive_byte();
  64   2          check=receive_byte();  //接收校验的8位
  65   2          dht11=0;//拉低延时50us
  66   2          delay_1(20);
  67   2          dht11=1;
  68   2          num_check=R_H+R_L+T_H+T_L;
  69   2          if(num_check==check)
  70   2          {
  71   3              RH=R_H;
  72   3      		P1=RH;
  73   3              RL=R_L;
  74   3              TH=T_H;
  75   3              TL=T_L;
  76   3              check=num_check;
  77   3          }
  78   2          }
  79   1      }
  80          void main()
  81          {
  82   1      	receive();
  83   1      	delay(5000);
  84   1      }


MODULE INFORMATION:   STATIC OVERLAYABLE
   CODE SIZE        =    214    ----
   CONSTANT SIZE    =   ----    ----
   XDATA SIZE       =   ----    ----
   PDATA SIZE       =   ----    ----
   DATA SIZE        =      5       2
   IDATA SIZE       =   ----    ----
   BIT SIZE         =   ----    ----
END OF MODULE INFORMATION.


C51 COMPILATION COMPLETE.  0 WARNING(S),  0 ERROR(S)
